# JRE version: Java(TM) SE Runtime Environment (8.0_191-b12) (build 1.8.0_191-b12)
# Java VM: Java HotSpot(TM) 64-Bit Server VM (25.191-b12 mixed mode windows-amd64 compressed oops)
Heap:
 PSYoungGen      total 197632K, used 115393K [0x00000000d5580000, 0x00000000e3500000, 0x0000000100000000)
  eden space 171520K, 65% used [0x00000000d5580000,0x00000000dc35d3f0,0x00000000dfd00000)
  from space 26112K, 11% used [0x00000000e0200000,0x00000000e04d3318,0x00000000e1b80000)
  to   space 21504K, 0% used [0x00000000e2000000,0x00000000e2000000,0x00000000e3500000)
 ParOldGen       total 124416K, used 50745K [0x0000000080000000, 0x0000000087980000, 0x00000000d5580000)
  object space 124416K, 40% used [0x0000000080000000,0x000000008318e478,0x0000000087980000)
 Metaspace       used 70270K, capacity 73242K, committed 73560K, reserved 1112064K
  class space    used 9614K, capacity 10260K, committed 10368K, reserved 1048576K
GC Heap History (10 events):
Event: 34.721 GC heap before
{Heap before GC invocations=14 (full 2):
 PSYoungGen      total 114176K, used 114169K [0x00000000d5580000, 0x00000000dfc80000, 0x0000000100000000)
  eden space 98304K, 100% used [0x00000000d5580000,0x00000000db580000,0x00000000db580000)
  from space 15872K, 99% used [0x00000000db580000,0x00000000dc4fe448,0x00000000dc500000)
  to   space 19456K, 0% used [0x00000000de980000,0x00000000de980000,0x00000000dfc80000)
 ParOldGen       total 124416K, used 23065K [0x0000000080000000, 0x0000000087980000, 0x00000000d5580000)
  object space 124416K, 18% used [0x0000000080000000,0x0000000081686578,0x0000000087980000)
 Metaspace       used 55538K, capacity 57794K, committed 57944K, reserved 1099776K
  class space    used 7704K, capacity 8248K, committed 8320K, reserved 1048576K
Event: 34.764 GC heap after
Heap after GC invocations=14 (full 2):
 PSYoungGen      total 150016K, used 16188K [0x00000000d5580000, 0x00000000e0300000, 0x0000000100000000)
  eden space 130560K, 0% used [0x00000000d5580000,0x00000000d5580000,0x00000000dd500000)
  from space 19456K, 83% used [0x00000000de980000,0x00000000df94f308,0x00000000dfc80000)
  to   space 20992K, 0% used [0x00000000dd500000,0x00000000dd500000,0x00000000de980000)
 ParOldGen       total 124416K, used 32370K [0x0000000080000000, 0x0000000087980000, 0x00000000d5580000)
  object space 124416K, 26% used [0x0000000080000000,0x0000000081f9c8f0,0x0000000087980000)
 Metaspace       used 55538K, capacity 57794K, committed 57944K, reserved 1099776K
  class space    used 7704K, capacity 8248K, committed 8320K, reserved 1048576K
}
Event: 35.365 GC heap before
{Heap before GC invocations=15 (full 2):
 PSYoungGen      total 150016K, used 32288K [0x00000000d5580000, 0x00000000e0300000, 0x0000000100000000)
  eden space 130560K, 12% used [0x00000000d5580000,0x00000000d6538f78,0x00000000dd500000)
  from space 19456K, 83% used [0x00000000de980000,0x00000000df94f308,0x00000000dfc80000)
  to   space 20992K, 0% used [0x00000000dd500000,0x00000000dd500000,0x00000000de980000)
 ParOldGen       total 124416K, used 32370K [0x0000000080000000, 0x0000000087980000, 0x00000000d5580000)
  object space 124416K, 26% used [0x0000000080000000,0x0000000081f9c8f0,0x0000000087980000)
 Metaspace       used 56621K, capacity 58972K, committed 59028K, reserved 1099776K
  class space    used 7833K, capacity 8397K, committed 8448K, reserved 1048576K
Event: 35.382 GC heap after
Heap after GC invocations=15 (full 2):
 PSYoungGen      total 151552K, used 1665K [0x00000000d5580000, 0x00000000e3500000, 0x0000000100000000)
  eden space 130560K, 0% used [0x00000000d5580000,0x00000000d5580000,0x00000000dd500000)
  from space 20992K, 7% used [0x00000000dd500000,0x00000000dd6a07f0,0x00000000de980000)
  to   space 21504K, 0% used [0x00000000e2000000,0x00000000e2000000,0x00000000e3500000)
 ParOldGen       total 124416K, used 46640K [0x0000000080000000, 0x0000000087980000, 0x00000000d5580000)
  object space 124416K, 37% used [0x0000000080000000,0x0000000082d8c3a0,0x0000000087980000)
 Metaspace       used 56621K, capacity 58972K, committed 59028K, reserved 1099776K
  class space    used 7833K, capacity 8397K, committed 8448K, reserved 1048576K
}
Event: 35.382 GC heap before
{Heap before GC invocations=16 (full 3):
 PSYoungGen      total 151552K, used 1665K [0x00000000d5580000, 0x00000000e3500000, 0x0000000100000000)
  eden space 130560K, 0% used [0x00000000d5580000,0x00000000d5580000,0x00000000dd500000)
  from space 20992K, 7% used [0x00000000dd500000,0x00000000dd6a07f0,0x00000000de980000)
  to   space 21504K, 0% used [0x00000000e2000000,0x00000000e2000000,0x00000000e3500000)
 ParOldGen       total 124416K, used 46640K [0x0000000080000000, 0x0000000087980000, 0x00000000d5580000)
  object space 124416K, 37% used [0x0000000080000000,0x0000000082d8c3a0,0x0000000087980000)
 Metaspace       used 56621K, capacity 58972K, committed 59028K, reserved 1099776K
  class space    used 7833K, capacity 8397K, committed 8448K, reserved 1048576K
Event: 35.606 GC heap after
Heap after GC invocations=16 (full 3):
 PSYoungGen      total 151552K, used 0K [0x00000000d5580000, 0x00000000e3500000, 0x0000000100000000)
  eden space 130560K, 0% used [0x00000000d5580000,0x00000000d5580000,0x00000000dd500000)
  from space 20992K, 0% used [0x00000000dd500000,0x00000000dd500000,0x00000000de980000)
  to   space 21504K, 0% used [0x00000000e2000000,0x00000000e2000000,0x00000000e3500000)
 ParOldGen       total 124416K, used 42739K [0x0000000080000000, 0x0000000087980000, 0x00000000d5580000)
  object space 124416K, 34% used [0x0000000080000000,0x00000000829bcd08,0x0000000087980000)
 Metaspace       used 56621K, capacity 58972K, committed 59028K, reserved 1099776K
  class space    used 7833K, capacity 8397K, committed 8448K, reserved 1048576K
}
Event: 39.345 GC heap before
{Heap before GC invocations=17 (full 3):
 PSYoungGen      total 151552K, used 116521K [0x00000000d5580000, 0x00000000e3500000, 0x0000000100000000)
  eden space 130560K, 89% used [0x00000000d5580000,0x00000000dc74a430,0x00000000dd500000)
  from space 20992K, 0% used [0x00000000dd500000,0x00000000dd500000,0x00000000de980000)
  to   space 21504K, 0% used [0x00000000e2000000,0x00000000e2000000,0x00000000e3500000)
 ParOldGen       total 124416K, used 42739K [0x0000000080000000, 0x0000000087980000, 0x00000000d5580000)
  object space 124416K, 34% used [0x0000000080000000,0x00000000829bcd08,0x0000000087980000)
 Metaspace       used 68394K, capacity 71196K, committed 71512K, reserved 1110016K
  class space    used 9379K, capacity 9991K, committed 10112K, reserved 1048576K
Event: 39.362 GC heap after
Heap after GC invocations=17 (full 3):
 PSYoungGen      total 193024K, used 21478K [0x00000000d5580000, 0x00000000e3500000, 0x0000000100000000)
  eden space 171520K, 0% used [0x00000000d5580000,0x00000000d5580000,0x00000000dfd00000)
  from space 21504K, 99% used [0x00000000e2000000,0x00000000e34f9870,0x00000000e3500000)
  to   space 26112K, 0% used [0x00000000e0200000,0x00000000e0200000,0x00000000e1b80000)
 ParOldGen       total 124416K, used 46269K [0x0000000080000000, 0x0000000087980000, 0x00000000d5580000)
  object space 124416K, 37% used [0x0000000080000000,0x0000000082d2f748,0x0000000087980000)
 Metaspace       used 68394K, capacity 71196K, committed 71512K, reserved 1110016K
  class space    used 9379K, capacity 9991K, committed 10112K, reserved 1048576K
}
Event: 40.070 GC heap before
{Heap before GC invocations=18 (full 3):
 PSYoungGen      total 193024K, used 192782K [0x00000000d5580000, 0x00000000e3500000, 0x0000000100000000)
  eden space 171520K, 99% used [0x00000000d5580000,0x00000000dfcca260,0x00000000dfd00000)
  from space 21504K, 99% used [0x00000000e2000000,0x00000000e34f9870,0x00000000e3500000)
  to   space 26112K, 0% used [0x00000000e0200000,0x00000000e0200000,0x00000000e1b80000)
 ParOldGen       total 124416K, used 46269K [0x0000000080000000, 0x0000000087980000, 0x00000000d5580000)
  object space 124416K, 37% used [0x0000000080000000,0x0000000082d2f748,0x0000000087980000)
 Metaspace       used 69934K, capacity 72902K, committed 73176K, reserved 1112064K
  class space    used 9558K, capacity 10188K, committed 10240K, reserved 1048576K
Event: 40.078 GC heap after
Heap after GC invocations=18 (full 3):
 PSYoungGen      total 197632K, used 2892K [0x00000000d5580000, 0x00000000e3500000, 0x0000000100000000)
  eden space 171520K, 0% used [0x00000000d5580000,0x00000000d5580000,0x00000000dfd00000)
  from space 26112K, 11% used [0x00000000e0200000,0x00000000e04d3318,0x00000000e1b80000)
  to   space 21504K, 0% used [0x00000000e2000000,0x00000000e2000000,0x00000000e3500000)
 ParOldGen       total 124416K, used 50745K [0x0000000080000000, 0x0000000087980000, 0x00000000d5580000)
  object space 124416K, 40% used [0x0000000080000000,0x000000008318e478,0x0000000087980000)
 Metaspace       used 69934K, capacity 72902K, committed 73176K, reserved 1112064K
  class space    used 9558K, capacity 10188K, committed 10240K, reserved 1048576K
}

